<?xml version="1.0" encoding="UTF-8"?>
<!-- Generated by org.testng.reporters.JUnitXMLReporter -->
<testsuite ignored="0" hostname="DESKTOP-OL6KQDM" failures="1" tests="1" name="CromeBrowserTest" time="0.154" errors="0" timestamp="2022-08-07T12:52:31 IST">
  <testcase classname="crossBrowTestNG_Study.CrossBrowTestStudy" name="launchKiteMethod" time="0.016">
    <failure type="java.lang.NullPointerException">
      <![CDATA[java.lang.NullPointerException
at crossBrowTestNG_Study.CrossBrowTestStudy.launchKiteMethod(CrossBrowTestStudy.java:27)
at java.base/java.util.ArrayList.forEach(ArrayList.java:1541)
at java.base/java.util.concurrent.FutureTask.run(FutureTask.java:264)
at java.base/java.util.concurrent.ThreadPoolExecutor.runWorker(ThreadPoolExecutor.java:1128)
at java.base/java.util.concurrent.ThreadPoolExecutor$Worker.run(ThreadPoolExecutor.java:628)
at java.base/java.lang.Thread.run(Thread.java:834)
... Removed 18 stack frames]]>
    </failure>
  </testcase> <!-- launchKiteMethod -->
</testsuite> <!-- CromeBrowserTest -->
